[debug] [2022-02-03T13:22:42.596Z] ----------------------------------------------------------------------
[debug] [2022-02-03T13:22:42.598Z] Command:       C:\Program Files\nodejs\node.exe C:\Users\Lenovo\AppData\Roaming\npm\node_modules\firebase-tools\lib\bin\firebase.js init
[debug] [2022-02-03T13:22:42.599Z] CLI Version:   10.1.4
[debug] [2022-02-03T13:22:42.599Z] Platform:      win32
[debug] [2022-02-03T13:22:42.599Z] Node Version:  v17.3.1
[debug] [2022-02-03T13:22:42.600Z] Time:          Thu Feb 03 2022 18:52:42 GMT+0530 (India Standard Time)
[debug] [2022-02-03T13:22:42.600Z] ----------------------------------------------------------------------
[debug] 
[debug] [2022-02-03T13:22:42.674Z] > command requires scopes: ["email","openid","https://www.googleapis.com/auth/cloudplatformprojects.readonly","https://www.googleapis.com/auth/firebase","https://www.googleapis.com/auth/cloud-platform"]
[debug] [2022-02-03T13:22:42.674Z] > authorizing via signed-in user (tarun21052002@gmail.com)
[info] 
     ######## #### ########  ######## ########     ###     ######  ########
     ##        ##  ##     ## ##       ##     ##  ##   ##  ##       ##
     ######    ##  ########  ######   ########  #########  ######  ######
     ##        ##  ##    ##  ##       ##     ## ##     ##       ## ##
     ##       #### ##     ## ######## ########  ##     ##  ######  ########

You're about to initialize a Firebase project in this directory:

  C:\Users\Lenovo\Desktop\JS Crash Course\React JS\amazon-cl

Before we get started, keep in mind:

  * You are initializing within an existing Firebase project directory

[info] 
=== Project Setup
[info] 
[info] First, let's associate this project directory with a Firebase project.
[info] You can create multiple project aliases by running firebase use --add, 
[info] but for now we'll just set up a default project.
[info] 
[debug] [2022-02-03T13:22:48.968Z] Using project from CLI flag: react-storage-cloud
[debug] [2022-02-03T13:22:48.973Z] >>> [apiv2][query] GET https://firebase.googleapis.com/v1beta1/projects/react-storage-cloud [none]
[debug] [2022-02-03T13:22:49.607Z] <<< [apiv2][status] GET https://firebase.googleapis.com/v1beta1/projects/react-storage-cloud 403
[debug] [2022-02-03T13:22:49.608Z] <<< [apiv2][body] GET https://firebase.googleapis.com/v1beta1/projects/react-storage-cloud {"error":{"code":403,"message":"The caller does not have permission","status":"PERMISSION_DENIED"}}
[debug] [2022-02-03T13:22:49.609Z] HTTP Error: 403, The caller does not have permission
[debug] [2022-02-03T13:22:49.775Z] FirebaseError: HTTP Error: 403, The caller does not have permission
    at module.exports (C:\Users\Lenovo\AppData\Roaming\npm\node_modules\firebase-tools\lib\responseToError.js:38:12)
    at RetryOperation._fn (C:\Users\Lenovo\AppData\Roaming\npm\node_modules\firebase-tools\lib\apiv2.js:282:39)
    at processTicksAndRejections (node:internal/process/task_queues:96:5)
[error] 
[error] Error: Failed to get Firebase project react-storage-cloud. Please make sure the project exists and your account has permission to access it.
